This file contains any messages produced by compilers while
running configure, to aid debugging if configure makes a mistake.

It was created by lis configure 2.0.30, which was
generated by GNU Autoconf 2.69.  Invocation command line was

  $ ./configure --prefix=/students/rm_20_21/vallisa

## --------- ##
## Platform. ##
## --------- ##

hostname = agcc22.private.vki.eu
uname -m = x86_64
uname -r = 5.6.13-100.fc30.x86_64
uname -s = Linux
uname -v = #1 SMP Fri May 15 00:36:06 UTC 2020

/usr/bin/uname -p = x86_64
/bin/uname -X     = unknown

/bin/arch              = x86_64
/usr/bin/arch -k       = unknown
/usr/convex/getsysinfo = unknown
/usr/bin/hostinfo      = unknown
/bin/machine           = unknown
/usr/bin/oslevel       = unknown
/bin/universe          = unknown

PATH: /software/alternate/vki/misc/bin
PATH: /software/alternate/vki/misc/bin
PATH: /usr/lib64/qt-3.3/bin
PATH: /usr/share/Modules/bin
PATH: /usr/lib64/ccache
PATH: /usr/local/sbin
PATH: /usr/local/bin
PATH: /usr/sbin
PATH: /usr/bin
PATH: /sbin
PATH: /bin
PATH: /bin
PATH: /usr/bin
PATH: /usr/X11R6/bin
PATH: /usr/libexec/sdcc
PATH: /opt/puppetlabs/bin
PATH: /students/rm_20_21/vallisa/local/bin
PATH: /usr/libexec/sdcc


## ----------- ##
## Core tests. ##
## ----------- ##

configure:2817: checking build system type
configure:2831: result: x86_64-unknown-linux-gnu
configure:2851: checking host system type
configure:2864: result: x86_64-unknown-linux-gnu
configure:2884: checking target system type
configure:2897: result: x86_64-unknown-linux-gnu
configure:2940: checking for a BSD-compatible install
configure:3008: result: /usr/bin/install -c
configure:3019: checking whether build environment is sane
configure:3069: result: yes
configure:3210: checking for a thread-safe mkdir -p
configure:3249: result: /usr/bin/mkdir -p
configure:3262: checking for gawk
configure:3278: found /usr/bin/gawk
configure:3289: result: gawk
configure:3300: checking whether make sets $(MAKE)
configure:3322: result: yes
configure:3406: checking whether to enable maintainer-specific portions of Makefiles
configure:3415: result: no
configure:3522: checking for a library suffix to use
configure:3990: checking for icc
configure:4020: result: no
configure:3990: checking for ecc
configure:4020: result: no
configure:3990: checking for xlc_r
configure:4020: result: no
configure:3990: checking for xlc
configure:4020: result: no
configure:3990: checking for fcc
configure:4020: result: no
configure:3990: checking for pgcc
configure:4020: result: no
configure:3990: checking for pathcc
configure:4020: result: no
configure:3990: checking for cc
configure:4006: found /usr/lib64/ccache/cc
configure:4017: result: cc
configure:4048: checking for C compiler version
configure:4057: cc --version >&5
cc (GCC) 9.3.1 20200408 (Red Hat 9.3.1-2)
Copyright (C) 2019 Free Software Foundation, Inc.
This is free software; see the source for copying conditions.  There is NO
warranty; not even for MERCHANTABILITY or FITNESS FOR A PARTICULAR PURPOSE.

configure:4068: $? = 0
configure:4057: cc -v >&5
Using built-in specs.
COLLECT_GCC=/usr/bin/cc
COLLECT_LTO_WRAPPER=/usr/libexec/gcc/x86_64-redhat-linux/9/lto-wrapper
OFFLOAD_TARGET_NAMES=nvptx-none
OFFLOAD_TARGET_DEFAULT=1
Target: x86_64-redhat-linux
Configured with: ../configure --enable-bootstrap --enable-languages=c,c++,fortran,objc,obj-c++,ada,go,d,lto --prefix=/usr --mandir=/usr/share/man --infodir=/usr/share/info --with-bugurl=http://bugzilla.redhat.com/bugzilla --enable-shared --enable-threads=posix --enable-checking=release --enable-multilib --with-system-zlib --enable-__cxa_atexit --disable-libunwind-exceptions --enable-gnu-unique-object --enable-linker-build-id --with-gcc-major-version-only --with-linker-hash-style=gnu --enable-plugin --enable-initfini-array --with-isl --enable-offload-targets=nvptx-none --without-cuda-driver --enable-gnu-indirect-function --enable-cet --with-tune=generic --with-arch_32=i686 --build=x86_64-redhat-linux
Thread model: posix
gcc version 9.3.1 20200408 (Red Hat 9.3.1-2) (GCC) 
configure:4068: $? = 0
configure:4057: cc -V >&5
cc: error: unrecognized command line option '-V'
cc: fatal error: no input files
compilation terminated.
configure:4068: $? = 1
configure:4057: cc -qversion >&5
cc: error: unrecognized command line option '-qversion'; did you mean '--version'?
cc: fatal error: no input files
compilation terminated.
configure:4068: $? = 1
configure:4088: checking whether the C compiler works
configure:4110: cc    conftest.c  >&5
configure:4114: $? = 0
configure:4162: result: yes
configure:4165: checking for C compiler default output file name
configure:4167: result: a.out
configure:4173: checking for suffix of executables
configure:4180: cc -o conftest    conftest.c  >&5
configure:4184: $? = 0
configure:4206: result: 
configure:4228: checking whether we are cross compiling
configure:4236: cc -o conftest    conftest.c  >&5
configure:4240: $? = 0
configure:4247: ./conftest
configure:4251: $? = 0
configure:4239: result: no
configure:4244: checking for suffix of object files
configure:4266: cc -c   conftest.c >&5
configure:4270: $? = 0
configure:4291: result: o
configure:4295: checking whether we are using the GNU C compiler
configure:4314: cc -c   conftest.c >&5
configure:4314: $? = 0
configure:4323: result: yes
configure:4332: checking whether cc accepts -g
configure:4352: cc -c -g  conftest.c >&5
configure:4352: $? = 0
configure:4393: result: yes
configure:4410: checking for cc option to accept ISO C89
configure:4473: cc  -c -g -O2  conftest.c >&5
configure:4473: $? = 0
configure:4486: result: none needed
configure:4517: checking for style of include used by make
configure:4545: result: GNU
configure:4571: checking dependency style of cc
configure:4682: result: none
configure:4896: cc -c   conftest.c >&5
conftest.c: In function 'main':
conftest.c:17:8: error: 'thisisanerror' undeclared (first use in this function)
   17 |        thisisanerror;
      |        ^~~~~~~~~~~~~
conftest.c:17:8: note: each undeclared identifier is reported only once for each function it appears in
configure:4896: $? = 1
configure: failed program was:
| /* confdefs.h */
| #define PACKAGE_NAME "lis"
| #define PACKAGE_TARNAME "lis"
| #define PACKAGE_VERSION "2.0.30"
| #define PACKAGE_STRING "lis 2.0.30"
| #define PACKAGE_BUGREPORT "devel@ssisc.org"
| #define PACKAGE_URL ""
| #define PACKAGE "lis"
| #define VERSION "2.0.30"
| /* end confdefs.h.  */
| 
| int
| main ()
| {
| 
| 	#if !(defined(__ICC) || defined(__ECC) || defined(__INTEL_COMPILER))
| 	      thisisanerror;
| 	#endif
| 
|   ;
|   return 0;
| }
configure:4896: cc -c   conftest.c >&5
conftest.c: In function 'main':
conftest.c:17:8: error: 'thisisanerror' undeclared (first use in this function)
   17 |        thisisanerror;
      |        ^~~~~~~~~~~~~
conftest.c:17:8: note: each undeclared identifier is reported only once for each function it appears in
configure:4896: $? = 1
configure: failed program was:
| /* confdefs.h */
| #define PACKAGE_NAME "lis"
| #define PACKAGE_TARNAME "lis"
| #define PACKAGE_VERSION "2.0.30"
| #define PACKAGE_STRING "lis 2.0.30"
| #define PACKAGE_BUGREPORT "devel@ssisc.org"
| #define PACKAGE_URL ""
| #define PACKAGE "lis"
| #define VERSION "2.0.30"
| /* end confdefs.h.  */
| 
| int
| main ()
| {
| 
| 	#if !(defined(__xlc__) || defined(__xlC__) || defined(__IBMC__) || defined(__IBMCPP__))
| 	      thisisanerror;
| 	#endif
| 
|   ;
|   return 0;
| }
configure:4896: cc -c   conftest.c >&5
configure:4896: $? = 0
configure:4901: checking for C compiler vendor
configure:4903: result: gnu
configure:4931: checking how to get verbose linking output from C
configure:4947: cc -c -O3 -fomit-frame-pointer   conftest.c >&5
configure:4947: $? = 0
configure:5000: cc -o conftest -O3 -fomit-frame-pointer  -v   conftest.c  >&5
Using built-in specs.
COLLECT_GCC=/usr/bin/cc
COLLECT_LTO_WRAPPER=/usr/libexec/gcc/x86_64-redhat-linux/9/lto-wrapper
OFFLOAD_TARGET_NAMES=nvptx-none
OFFLOAD_TARGET_DEFAULT=1
Target: x86_64-redhat-linux
Configured with: ../configure --enable-bootstrap --enable-languages=c,c++,fortran,objc,obj-c++,ada,go,d,lto --prefix=/usr --mandir=/usr/share/man --infodir=/usr/share/info --with-bugurl=http://bugzilla.redhat.com/bugzilla --enable-shared --enable-threads=posix --enable-checking=release --enable-multilib --with-system-zlib --enable-__cxa_atexit --disable-libunwind-exceptions --enable-gnu-unique-object --enable-linker-build-id --with-gcc-major-version-only --with-linker-hash-style=gnu --enable-plugin --enable-initfini-array --with-isl --enable-offload-targets=nvptx-none --without-cuda-driver --enable-gnu-indirect-function --enable-cet --with-tune=generic --with-arch_32=i686 --build=x86_64-redhat-linux
Thread model: posix
gcc version 9.3.1 20200408 (Red Hat 9.3.1-2) (GCC) 
COLLECT_GCC_OPTIONS='-o' 'conftest' '-O3' '-fomit-frame-pointer' '-v' '-mtune=generic' '-march=x86-64'
 /usr/libexec/gcc/x86_64-redhat-linux/9/cc1 -quiet -v conftest.c -quiet -dumpbase conftest.c -mtune=generic -march=x86-64 -auxbase conftest -O3 -version -fomit-frame-pointer -o /tmp/ccbhpREx.s
GNU C17 (GCC) version 9.3.1 20200408 (Red Hat 9.3.1-2) (x86_64-redhat-linux)
	compiled by GNU C version 9.3.1 20200408 (Red Hat 9.3.1-2), GMP version 6.1.2, MPFR version 3.1.6-p2, MPC version 1.1.0, isl version isl-0.16.1-GMP

GGC heuristics: --param ggc-min-expand=100 --param ggc-min-heapsize=131072
ignoring nonexistent directory "/usr/lib/gcc/x86_64-redhat-linux/9/include-fixed"
ignoring nonexistent directory "/usr/lib/gcc/x86_64-redhat-linux/9/../../../../x86_64-redhat-linux/include"
#include "..." search starts here:
#include <...> search starts here:
 /usr/lib/gcc/x86_64-redhat-linux/9/include
 /usr/local/include
 /usr/include
End of search list.
GNU C17 (GCC) version 9.3.1 20200408 (Red Hat 9.3.1-2) (x86_64-redhat-linux)
	compiled by GNU C version 9.3.1 20200408 (Red Hat 9.3.1-2), GMP version 6.1.2, MPFR version 3.1.6-p2, MPC version 1.1.0, isl version isl-0.16.1-GMP

GGC heuristics: --param ggc-min-expand=100 --param ggc-min-heapsize=131072
Compiler executable checksum: 2b8da8ea844268c3f14cb6ee4fe72279
COLLECT_GCC_OPTIONS='-o' 'conftest' '-O3' '-fomit-frame-pointer' '-v' '-mtune=generic' '-march=x86-64'
 as -v --64 -o /tmp/ccitBwPp.o /tmp/ccbhpREx.s
GNU assembler version 2.31.1 (x86_64-redhat-linux) using BFD version version 2.31.1-37.fc30
COMPILER_PATH=/usr/libexec/gcc/x86_64-redhat-linux/9/:/usr/libexec/gcc/x86_64-redhat-linux/9/:/usr/libexec/gcc/x86_64-redhat-linux/:/usr/lib/gcc/x86_64-redhat-linux/9/:/usr/lib/gcc/x86_64-redhat-linux/
LIBRARY_PATH=/usr/lib/gcc/x86_64-redhat-linux/9/:/usr/lib/gcc/x86_64-redhat-linux/9/../../../../lib64/:/lib/../lib64/:/usr/lib/../lib64/:/usr/lib/gcc/x86_64-redhat-linux/9/../../../:/lib/:/usr/lib/
COLLECT_GCC_OPTIONS='-o' 'conftest' '-O3' '-fomit-frame-pointer' '-v' '-mtune=generic' '-march=x86-64'
 /usr/libexec/gcc/x86_64-redhat-linux/9/collect2 -plugin /usr/libexec/gcc/x86_64-redhat-linux/9/liblto_plugin.so -plugin-opt=/usr/libexec/gcc/x86_64-redhat-linux/9/lto-wrapper -plugin-opt=-fresolution=/tmp/ccFX8W0h.res -plugin-opt=-pass-through=-lgcc -plugin-opt=-pass-through=-lgcc_s -plugin-opt=-pass-through=-lc -plugin-opt=-pass-through=-lgcc -plugin-opt=-pass-through=-lgcc_s --build-id --no-add-needed --eh-frame-hdr --hash-style=gnu -m elf_x86_64 -dynamic-linker /lib64/ld-linux-x86-64.so.2 -o conftest /usr/lib/gcc/x86_64-redhat-linux/9/../../../../lib64/crt1.o /usr/lib/gcc/x86_64-redhat-linux/9/../../../../lib64/crti.o /usr/lib/gcc/x86_64-redhat-linux/9/crtbegin.o -L/usr/lib/gcc/x86_64-redhat-linux/9 -L/usr/lib/gcc/x86_64-redhat-linux/9/../../../../lib64 -L/lib/../lib64 -L/usr/lib/../lib64 -L/usr/lib/gcc/x86_64-redhat-linux/9/../../.. /tmp/ccitBwPp.o -lgcc --push-state --as-needed -lgcc_s --pop-state -lc -lgcc --push-state --as-needed -lgcc_s --pop-state /usr/lib/gcc/x86_64-redhat-linux/9/crtend.o /usr/lib/gcc/x86_64-redhat-linux/9/../../../../lib64/crtn.o
COLLECT_GCC_OPTIONS='-o' 'conftest' '-O3' '-fomit-frame-pointer' '-v' '-mtune=generic' '-march=x86-64'
configure:5013: result: -v
configure:5015: checking for C libraries
configure:5073: cc -o conftest -O3 -fomit-frame-pointer  -v   conftest.c  >&5
Using built-in specs.
COLLECT_GCC=/usr/bin/cc
COLLECT_LTO_WRAPPER=/usr/libexec/gcc/x86_64-redhat-linux/9/lto-wrapper
OFFLOAD_TARGET_NAMES=nvptx-none
OFFLOAD_TARGET_DEFAULT=1
Target: x86_64-redhat-linux
Configured with: ../configure --enable-bootstrap --enable-languages=c,c++,fortran,objc,obj-c++,ada,go,d,lto --prefix=/usr --mandir=/usr/share/man --infodir=/usr/share/info --with-bugurl=http://bugzilla.redhat.com/bugzilla --enable-shared --enable-threads=posix --enable-checking=release --enable-multilib --with-system-zlib --enable-__cxa_atexit --disable-libunwind-exceptions --enable-gnu-unique-object --enable-linker-build-id --with-gcc-major-version-only --with-linker-hash-style=gnu --enable-plugin --enable-initfini-array --with-isl --enable-offload-targets=nvptx-none --without-cuda-driver --enable-gnu-indirect-function --enable-cet --with-tune=generic --with-arch_32=i686 --build=x86_64-redhat-linux
Thread model: posix
gcc version 9.3.1 20200408 (Red Hat 9.3.1-2) (GCC) 
COLLECT_GCC_OPTIONS='-o' 'conftest' '-O3' '-fomit-frame-pointer' '-v' '-mtune=generic' '-march=x86-64'
 /usr/libexec/gcc/x86_64-redhat-linux/9/cc1 -quiet -v conftest.c -quiet -dumpbase conftest.c -mtune=generic -march=x86-64 -auxbase conftest -O3 -version -fomit-frame-pointer -o /tmp/cc5ycXcD.s
GNU C17 (GCC) version 9.3.1 20200408 (Red Hat 9.3.1-2) (x86_64-redhat-linux)
	compiled by GNU C version 9.3.1 20200408 (Red Hat 9.3.1-2), GMP version 6.1.2, MPFR version 3.1.6-p2, MPC version 1.1.0, isl version isl-0.16.1-GMP

GGC heuristics: --param ggc-min-expand=100 --param ggc-min-heapsize=131072
ignoring nonexistent directory "/usr/lib/gcc/x86_64-redhat-linux/9/include-fixed"
ignoring nonexistent directory "/usr/lib/gcc/x86_64-redhat-linux/9/../../../../x86_64-redhat-linux/include"
#include "..." search starts here:
#include <...> search starts here:
 /usr/lib/gcc/x86_64-redhat-linux/9/include
 /usr/local/include
 /usr/include
End of search list.
GNU C17 (GCC) version 9.3.1 20200408 (Red Hat 9.3.1-2) (x86_64-redhat-linux)
	compiled by GNU C version 9.3.1 20200408 (Red Hat 9.3.1-2), GMP version 6.1.2, MPFR version 3.1.6-p2, MPC version 1.1.0, isl version isl-0.16.1-GMP

GGC heuristics: --param ggc-min-expand=100 --param ggc-min-heapsize=131072
Compiler executable checksum: 2b8da8ea844268c3f14cb6ee4fe72279
COLLECT_GCC_OPTIONS='-o' 'conftest' '-O3' '-fomit-frame-pointer' '-v' '-mtune=generic' '-march=x86-64'
 as -v --64 -o /tmp/ccMCZHAv.o /tmp/cc5ycXcD.s
GNU assembler version 2.31.1 (x86_64-redhat-linux) using BFD version version 2.31.1-37.fc30
COMPILER_PATH=/usr/libexec/gcc/x86_64-redhat-linux/9/:/usr/libexec/gcc/x86_64-redhat-linux/9/:/usr/libexec/gcc/x86_64-redhat-linux/:/usr/lib/gcc/x86_64-redhat-linux/9/:/usr/lib/gcc/x86_64-redhat-linux/
LIBRARY_PATH=/usr/lib/gcc/x86_64-redhat-linux/9/:/usr/lib/gcc/x86_64-redhat-linux/9/../../../../lib64/:/lib/../lib64/:/usr/lib/../lib64/:/usr/lib/gcc/x86_64-redhat-linux/9/../../../:/lib/:/usr/lib/
COLLECT_GCC_OPTIONS='-o' 'conftest' '-O3' '-fomit-frame-pointer' '-v' '-mtune=generic' '-march=x86-64'
 /usr/libexec/gcc/x86_64-redhat-linux/9/collect2 -plugin /usr/libexec/gcc/x86_64-redhat-linux/9/liblto_plugin.so -plugin-opt=/usr/libexec/gcc/x86_64-redhat-linux/9/lto-wrapper -plugin-opt=-fresolution=/tmp/ccHUYdZn.res -plugin-opt=-pass-through=-lgcc -plugin-opt=-pass-through=-lgcc_s -plugin-opt=-pass-through=-lc -plugin-opt=-pass-through=-lgcc -plugin-opt=-pass-through=-lgcc_s --build-id --no-add-needed --eh-frame-hdr --hash-style=gnu -m elf_x86_64 -dynamic-linker /lib64/ld-linux-x86-64.so.2 -o conftest /usr/lib/gcc/x86_64-redhat-linux/9/../../../../lib64/crt1.o /usr/lib/gcc/x86_64-redhat-linux/9/../../../../lib64/crti.o /usr/lib/gcc/x86_64-redhat-linux/9/crtbegin.o -L/usr/lib/gcc/x86_64-redhat-linux/9 -L/usr/lib/gcc/x86_64-redhat-linux/9/../../../../lib64 -L/lib/../lib64 -L/usr/lib/../lib64 -L/usr/lib/gcc/x86_64-redhat-linux/9/../../.. /tmp/ccMCZHAv.o -lgcc --push-state --as-needed -lgcc_s --pop-state -lc -lgcc --push-state --as-needed -lgcc_s --pop-state /usr/lib/gcc/x86_64-redhat-linux/9/crtend.o /usr/lib/gcc/x86_64-redhat-linux/9/../../../../lib64/crtn.o
COLLECT_GCC_OPTIONS='-o' 'conftest' '-O3' '-fomit-frame-pointer' '-v' '-mtune=generic' '-march=x86-64'
configure:5191: result:  -L/usr/lib/gcc/x86_64-redhat-linux/9 -L/usr/lib/gcc/x86_64-redhat-linux/9/../../../../lib64 -L/lib/../lib64 -L/usr/lib/../lib64 -L/usr/lib/gcc/x86_64-redhat-linux/9/../../.. -lgcc_s
configure:5621:  -c  conftest.F >&5
./configure: line 1774: -c: command not found
configure:5621: $? = 127
configure: failed program was:
|       program main
| 
| #if !(defined(__INTEL_COMPILER))
|       thisisanerror;
| #endif
| 
|       end
configure:5621:  -c  conftest.F >&5
./configure: line 1774: -c: command not found
configure:5621: $? = 127
configure: failed program was:
|       program main
| 
| #if !(defined(__IBMC__))
|       thisisanerror;
| #endif
| 
|       end
configure:5621:  -c  conftest.F >&5
./configure: line 1774: -c: command not found
configure:5621: $? = 127
configure: failed program was:
|       program main
| 
| #if !(defined(__GNUC__))
|       thisisanerror;
| #endif
| 
|       end
configure:5621:  -c  conftest.F >&5
./configure: line 1774: -c: command not found
configure:5621: $? = 127
configure: failed program was:
|       program main
| 
| #if !(defined(__SUNPRO_F77) || defined(__SUNPRO_F90) || defined(__SUNPRO_F95))
|       thisisanerror;
| #endif
| 
|       end
configure:5621:  -c  conftest.F >&5
./configure: line 1774: -c: command not found
configure:5621: $? = 127
configure: failed program was:
|       program main
| 
| #if !(defined(__PGI))
|       thisisanerror;
| #endif
| 
|       end
configure:5621:  -c  conftest.F >&5
./configure: line 1774: -c: command not found
configure:5621: $? = 127
configure: failed program was:
|       program main
| 
| #if !(defined(__PATHCC__) || defined(__PATHSCALE__))
|       thisisanerror;
| #endif
| 
|       end
configure:5626: checking for Fortran compiler vendor
configure:5628: result: 
configure:6755: checking for x87 FPU
configure:6758: result: yes
configure:7062: checking how to run the C preprocessor
configure:7093: cc -E  conftest.c
configure:7093: $? = 0
configure:7107: cc -E  conftest.c
conftest.c:12:10: fatal error: ac_nonexistent.h: No such file or directory
   12 | #include <ac_nonexistent.h>
      |          ^~~~~~~~~~~~~~~~~~
compilation terminated.
configure:7107: $? = 1
configure: failed program was:
| /* confdefs.h */
| #define PACKAGE_NAME "lis"
| #define PACKAGE_TARNAME "lis"
| #define PACKAGE_VERSION "2.0.30"
| #define PACKAGE_STRING "lis 2.0.30"
| #define PACKAGE_BUGREPORT "devel@ssisc.org"
| #define PACKAGE_URL ""
| #define PACKAGE "lis"
| #define VERSION "2.0.30"
| #define HAS_X87_FPU 1
| /* end confdefs.h.  */
| #include <ac_nonexistent.h>
configure:7132: result: cc -E
configure:7152: cc -E  conftest.c
configure:7152: $? = 0
configure:7166: cc -E  conftest.c
conftest.c:12:10: fatal error: ac_nonexistent.h: No such file or directory
   12 | #include <ac_nonexistent.h>
      |          ^~~~~~~~~~~~~~~~~~
compilation terminated.
configure:7166: $? = 1
configure: failed program was:
| /* confdefs.h */
| #define PACKAGE_NAME "lis"
| #define PACKAGE_TARNAME "lis"
| #define PACKAGE_VERSION "2.0.30"
| #define PACKAGE_STRING "lis 2.0.30"
| #define PACKAGE_BUGREPORT "devel@ssisc.org"
| #define PACKAGE_URL ""
| #define PACKAGE "lis"
| #define VERSION "2.0.30"
| #define HAS_X87_FPU 1
| /* end confdefs.h.  */
| #include <ac_nonexistent.h>
configure:7195: checking for grep that handles long lines and -e
configure:7253: result: /usr/bin/grep
configure:7258: checking for egrep
configure:7320: result: /usr/bin/grep -E
configure:7325: checking for ANSI C header files
configure:7353: cc -c -O3 -fomit-frame-pointer   conftest.c >&5
configure:7353: $? = 0
configure:7426: cc -o conftest -O3 -fomit-frame-pointer    conftest.c  >&5
configure:7426: $? = 0
configure:7426: ./conftest
configure:7426: $? = 0
configure:7437: result: yes
configure:7450: checking for sys/types.h
configure:7450: cc -c -O3 -fomit-frame-pointer   conftest.c >&5
configure:7450: $? = 0
configure:7450: result: yes
configure:7450: checking for sys/stat.h
configure:7450: cc -c -O3 -fomit-frame-pointer   conftest.c >&5
configure:7450: $? = 0
configure:7450: result: yes
configure:7450: checking for stdlib.h
configure:7450: cc -c -O3 -fomit-frame-pointer   conftest.c >&5
configure:7450: $? = 0
configure:7450: result: yes
configure:7450: checking for string.h
configure:7450: cc -c -O3 -fomit-frame-pointer   conftest.c >&5
configure:7450: $? = 0
configure:7450: result: yes
configure:7450: checking for memory.h
configure:7450: cc -c -O3 -fomit-frame-pointer   conftest.c >&5
configure:7450: $? = 0
configure:7450: result: yes
configure:7450: checking for strings.h
configure:7450: cc -c -O3 -fomit-frame-pointer   conftest.c >&5
configure:7450: $? = 0
configure:7450: result: yes
configure:7450: checking for inttypes.h
configure:7450: cc -c -O3 -fomit-frame-pointer   conftest.c >&5
configure:7450: $? = 0
configure:7450: result: yes
configure:7450: checking for stdint.h
configure:7450: cc -c -O3 -fomit-frame-pointer   conftest.c >&5
configure:7450: $? = 0
configure:7450: result: yes
configure:7450: checking for unistd.h
configure:7450: cc -c -O3 -fomit-frame-pointer   conftest.c >&5
configure:7450: $? = 0
configure:7450: result: yes
configure:7464: checking complex.h usability
configure:7464: cc -c -O3 -fomit-frame-pointer   conftest.c >&5
configure:7464: $? = 0
configure:7464: result: yes
configure:7464: checking complex.h presence
configure:7464: cc -E  conftest.c
configure:7464: $? = 0
configure:7464: result: yes
configure:7464: checking for complex.h
configure:7464: result: yes
configure:7495: checking quadmath.h usability
configure:7495: cc -c -O3 -fomit-frame-pointer   conftest.c >&5
configure:7495: $? = 0
configure:7495: result: yes
configure:7495: checking quadmath.h presence
configure:7495: cc -E  conftest.c
configure:7495: $? = 0
configure:7495: result: yes
configure:7495: checking for quadmath.h
configure:7495: result: yes
configure:7524: checking size of int
configure:7529: cc -o conftest -O3 -fomit-frame-pointer    conftest.c  >&5
configure:7529: $? = 0
configure:7529: ./conftest
configure:7529: $? = 0
configure:7543: result: 4
configure:7565: checking size of long
configure:7570: cc -o conftest -O3 -fomit-frame-pointer    conftest.c  >&5
configure:7570: $? = 0
configure:7570: ./conftest
configure:7570: $? = 0
configure:7584: result: 8
configure:7606: checking size of long long
configure:7611: cc -o conftest -O3 -fomit-frame-pointer    conftest.c  >&5
configure:7611: $? = 0
configure:7611: ./conftest
configure:7611: $? = 0
configure:7625: result: 8
configure:7647: checking size of float
configure:7652: cc -o conftest -O3 -fomit-frame-pointer    conftest.c  >&5
configure:7652: $? = 0
configure:7652: ./conftest
configure:7652: $? = 0
configure:7666: result: 4
configure:7688: checking size of double
configure:7693: cc -o conftest -O3 -fomit-frame-pointer    conftest.c  >&5
configure:7693: $? = 0
configure:7693: ./conftest
configure:7693: $? = 0
configure:7707: result: 8
configure:7729: checking size of long double
configure:7734: cc -o conftest -O3 -fomit-frame-pointer    conftest.c  >&5
configure:7734: $? = 0
configure:7734: ./conftest
configure:7734: $? = 0
configure:7748: result: 16
configure:7771: checking size of __float128
configure:7776: cc -o conftest -O3 -fomit-frame-pointer    conftest.c  >&5
configure:7776: $? = 0
configure:7776: ./conftest
configure:7776: $? = 0
configure:7790: result: 16
configure:7813: checking size of size_t
configure:7818: cc -o conftest -O3 -fomit-frame-pointer    conftest.c  >&5
configure:7818: $? = 0
configure:7818: ./conftest
configure:7818: $? = 0
configure:7832: result: 8
configure:7854: checking size of void *
configure:7859: cc -o conftest -O3 -fomit-frame-pointer    conftest.c  >&5
configure:7859: $? = 0
configure:7859: ./conftest
configure:7859: $? = 0
configure:7873: result: 8
configure:7969: checking how to print strings
configure:7996: result: printf
configure:8017: checking for a sed that does not truncate output
configure:8081: result: /usr/bin/sed
configure:8099: checking for fgrep
configure:8161: result: /usr/bin/grep -F
configure:8196: checking for ld used by cc
configure:8263: result: /usr/bin/ld
configure:8270: checking if the linker (/usr/bin/ld) is GNU ld
configure:8285: result: yes
configure:8297: checking for BSD- or MS-compatible name lister (nm)
configure:8351: result: /usr/bin/nm -B
configure:8481: checking the name lister (/usr/bin/nm -B) interface
configure:8488: cc -c -O3 -fomit-frame-pointer   conftest.c >&5
configure:8491: /usr/bin/nm -B "conftest.o"
configure:8494: output
0000000000000000 B some_variable
configure:8495: result: BSD nm
configure:8498: checking whether ln -s works
configure:8502: result: yes
configure:8510: checking the maximum length of command line arguments
configure:8641: result: 1572864
configure:8689: checking how to convert x86_64-unknown-linux-gnu file names to x86_64-unknown-linux-gnu format
configure:8729: result: func_convert_file_noop
configure:8736: checking how to convert x86_64-unknown-linux-gnu file names to toolchain format
configure:8756: result: func_convert_file_noop
configure:8763: checking for /usr/bin/ld option to reload object files
configure:8770: result: -r
configure:8844: checking for objdump
configure:8860: found /usr/bin/objdump
configure:8871: result: objdump
configure:8903: checking how to recognize dependent libraries
configure:9103: result: pass_all
configure:9188: checking for dlltool
configure:9218: result: no
configure:9248: checking how to associate runtime and link libraries
configure:9275: result: printf %s\n
configure:9335: checking for ar
configure:9351: found /usr/bin/ar
configure:9362: result: ar
configure:9399: checking for archiver @FILE support
configure:9424: cc -c -O3 -fomit-frame-pointer   conftest.c >&5
configure:9424: $? = 0
configure:9427: ar cru libconftest.a @conftest.lst >&5
configure:9430: $? = 0
configure:9435: ar cru libconftest.a @conftest.lst >&5
ar: conftest.o: No such file or directory
configure:9438: $? = 1
configure:9437: result: @
configure:9495: checking for strip
configure:9511: found /usr/bin/strip
configure:9522: result: strip
configure:9594: checking for ranlib
configure:9610: found /usr/bin/ranlib
configure:9621: result: ranlib
configure:9723: checking command to parse /usr/bin/nm -B output from cc object
configure:9876: cc -c -O3 -fomit-frame-pointer   conftest.c >&5
configure:9879: $? = 0
configure:9883: /usr/bin/nm -B conftest.o \| sed -n -e 's/^.*[ ]\([ABCDGIRSTW][ABCDGIRSTW]*\)[ ][ ]*\([_A-Za-z][_A-Za-z0-9]*\)$/\1 \2 \2/p' | sed '/ __gnu_lto/d' \> conftest.nm
configure:9886: $? = 0
configure:9952: cc -o conftest -O3 -fomit-frame-pointer    conftest.c conftstm.o >&5
configure:9955: $? = 0
configure:9993: result: ok
configure:10040: checking for sysroot
configure:10070: result: no
configure:10077: checking for a working dd
configure:10115: result: /usr/bin/dd
configure:10119: checking how to truncate binary pipes
configure:10134: result: /usr/bin/dd bs=4096 count=1
configure:10270: cc -c -O3 -fomit-frame-pointer   conftest.c >&5
configure:10273: $? = 0
configure:10471: checking for mt
configure:10501: result: no
configure:10521: checking if : is a manifest tool
configure:10527: : '-?'
configure:10535: result: no
configure:11217: checking for dlfcn.h
configure:11217: cc -c -O3 -fomit-frame-pointer   conftest.c >&5
configure:11217: $? = 0
configure:11217: result: yes
configure:11454: checking for objdir
configure:11469: result: .libs
configure:11733: checking if cc supports -fno-rtti -fno-exceptions
configure:11751: cc -c -O3 -fomit-frame-pointer   -fno-rtti -fno-exceptions conftest.c >&5
cc1: warning: command line option '-fno-rtti' is valid for C++/D/ObjC++ but not for C
configure:11755: $? = 0
configure:11768: result: no
configure:12137: checking for cc option to produce PIC
configure:12144: result: -fPIC -DPIC
configure:12152: checking if cc PIC flag -fPIC -DPIC works
configure:12170: cc -c -O3 -fomit-frame-pointer   -fPIC -DPIC -DPIC conftest.c >&5
configure:12174: $? = 0
configure:12187: result: yes
configure:12216: checking if cc static flag -static works
configure:12244: result: no
configure:12259: checking if cc supports -c -o file.o
configure:12280: cc -c -O3 -fomit-frame-pointer   -o out/conftest2.o conftest.c >&5
configure:12284: $? = 0
configure:12306: result: yes
configure:12314: checking if cc supports -c -o file.o
configure:12361: result: yes
configure:12394: checking whether the cc linker (/usr/bin/ld -m elf_x86_64) supports shared libraries
configure:13669: result: yes
configure:13909: checking dynamic linker characteristics
configure:14498: cc -o conftest -O3 -fomit-frame-pointer    -Wl,-rpath -Wl,/foo conftest.c  >&5
configure:14498: $? = 0
configure:14735: result: GNU/Linux ld.so
configure:14857: checking how to hardcode library paths into programs
configure:14882: result: immediate
configure:15470: checking whether stripping libraries is possible
configure:15475: result: yes
configure:15510: checking if libtool supports shared libraries
configure:15512: result: yes
configure:15515: checking whether to build shared libraries
configure:15540: result: no
configure:15543: checking whether to build static libraries
configure:15547: result: yes
configure:18476: checking for ANSI C header files
configure:18588: result: yes
configure:18599: checking malloc.h usability
configure:18599: cc -c -O3 -fomit-frame-pointer   conftest.c >&5
configure:18599: $? = 0
configure:18599: result: yes
configure:18599: checking malloc.h presence
configure:18599: cc -E  conftest.c
configure:18599: $? = 0
configure:18599: result: yes
configure:18599: checking for malloc.h
configure:18599: result: yes
configure:18599: checking for stdlib.h
configure:18599: result: yes
configure:18599: checking for string.h
configure:18599: result: yes
configure:18599: checking sys/time.h usability
configure:18599: cc -c -O3 -fomit-frame-pointer   conftest.c >&5
configure:18599: $? = 0
configure:18599: result: yes
configure:18599: checking sys/time.h presence
configure:18599: cc -E  conftest.c
configure:18599: $? = 0
configure:18599: result: yes
configure:18599: checking for sys/time.h
configure:18599: result: yes
configure:18613: checking for an ANSI C-conforming const
configure:18687: cc -c -O3 -fomit-frame-pointer   conftest.c >&5
configure:18687: $? = 0
configure:18694: result: yes
configure:18702: checking for size_t
configure:18702: cc -c -O3 -fomit-frame-pointer   conftest.c >&5
configure:18702: $? = 0
configure:18702: cc -c -O3 -fomit-frame-pointer   conftest.c >&5
conftest.c: In function 'main':
conftest.c:84:21: error: expected expression before ')' token
   84 | if (sizeof ((size_t)))
      |                     ^
configure:18702: $? = 1
configure: failed program was:
| /* confdefs.h */
| #define PACKAGE_NAME "lis"
| #define PACKAGE_TARNAME "lis"
| #define PACKAGE_VERSION "2.0.30"
| #define PACKAGE_STRING "lis 2.0.30"
| #define PACKAGE_BUGREPORT "devel@ssisc.org"
| #define PACKAGE_URL ""
| #define PACKAGE "lis"
| #define VERSION "2.0.30"
| #define HAS_X87_FPU 1
| #define STDC_HEADERS 1
| #define HAVE_SYS_TYPES_H 1
| #define HAVE_SYS_STAT_H 1
| #define HAVE_STDLIB_H 1
| #define HAVE_STRING_H 1
| #define HAVE_MEMORY_H 1
| #define HAVE_STRINGS_H 1
| #define HAVE_INTTYPES_H 1
| #define HAVE_STDINT_H 1
| #define HAVE_UNISTD_H 1
| #define HAVE_COMPLEX_H 1
| #define HAVE_QUADMATH_H 1
| #define SIZEOF_INT 4
| #define SIZEOF_LONG 8
| #define SIZEOF_LONG_LONG 8
| #define SIZEOF_FLOAT 4
| #define SIZEOF_DOUBLE 8
| #define SIZEOF_LONG_DOUBLE 16
| #define SIZEOF___FLOAT128 16
| #define SIZEOF_SIZE_T 8
| #define SIZEOF_VOID_P 8
| #define HAVE_DLFCN_H 1
| #define LT_OBJDIR ".libs/"
| #define STDC_HEADERS 1
| #define HAVE_MALLOC_H 1
| #define HAVE_STDLIB_H 1
| #define HAVE_STRING_H 1
| #define HAVE_SYS_TIME_H 1
| /* end confdefs.h.  */
| #include <stdio.h>
| #ifdef HAVE_SYS_TYPES_H
| # include <sys/types.h>
| #endif
| #ifdef HAVE_SYS_STAT_H
| # include <sys/stat.h>
| #endif
| #ifdef STDC_HEADERS
| # include <stdlib.h>
| # include <stddef.h>
| #else
| # ifdef HAVE_STDLIB_H
| #  include <stdlib.h>
| # endif
| #endif
| #ifdef HAVE_STRING_H
| # if !defined STDC_HEADERS && defined HAVE_MEMORY_H
| #  include <memory.h>
| # endif
| # include <string.h>
| #endif
| #ifdef HAVE_STRINGS_H
| # include <strings.h>
| #endif
| #ifdef HAVE_INTTYPES_H
| # include <inttypes.h>
| #endif
| #ifdef HAVE_STDINT_H
| # include <stdint.h>
| #endif
| #ifdef HAVE_UNISTD_H
| # include <unistd.h>
| #endif
| #ifdef F77_DUMMY_MAIN
| 
| #  ifdef __cplusplus
|      extern "C"
| #  endif
|    int F77_DUMMY_MAIN() { return 1; }
| 
| #endif
| int
| main ()
| {
| if (sizeof ((size_t)))
| 	    return 0;
|   ;
|   return 0;
| }
configure:18702: result: yes
configure:18888: creating ./config.status

## ---------------------- ##
## Running config.status. ##
## ---------------------- ##

This file was extended by lis config.status 2.0.30, which was
generated by GNU Autoconf 2.69.  Invocation command line was

  CONFIG_FILES    = 
  CONFIG_HEADERS  = 
  CONFIG_LINKS    = 
  CONFIG_COMMANDS = 
  $ ./config.status 

on agcc22.private.vki.eu

config.status:1265: creating Makefile
config.status:1265: creating src/Makefile
config.status:1265: creating src/vector/Makefile
config.status:1265: creating src/matrix/Makefile
config.status:1265: creating src/matvec/Makefile
config.status:1265: creating src/array/Makefile
config.status:1265: creating src/solver/Makefile
config.status:1265: creating src/esolver/Makefile
config.status:1265: creating src/precon/Makefile
config.status:1265: creating src/system/Makefile
config.status:1265: creating src/precision/Makefile
config.status:1265: creating src/fortran/Makefile
config.status:1265: creating src/fortran/amg/Makefile
config.status:1265: creating include/Makefile
config.status:1265: creating test/Makefile
config.status:1265: creating include/lisf.h
config.status:1265: creating include/lis_config.h
config.status:1446: include/lis_config.h is unchanged
config.status:1494: executing depfiles commands
config.status:1494: executing libtool commands

## ---------------- ##
## Cache variables. ##
## ---------------- ##

ac_cv_build=x86_64-unknown-linux-gnu
ac_cv_c_compiler_gnu=yes
ac_cv_c_const=yes
ac_cv_c_libs=' -L/usr/lib/gcc/x86_64-redhat-linux/9 -L/usr/lib/gcc/x86_64-redhat-linux/9/../../../../lib64 -L/lib/../lib64 -L/usr/lib/../lib64 -L/usr/lib/gcc/x86_64-redhat-linux/9/../../.. -lgcc_s'
ac_cv_env_CC_set=
ac_cv_env_CC_value=
ac_cv_env_CFLAGS_set=
ac_cv_env_CFLAGS_value=
ac_cv_env_CPPFLAGS_set=
ac_cv_env_CPPFLAGS_value=
ac_cv_env_CPP_set=
ac_cv_env_CPP_value=
ac_cv_env_F77_set=
ac_cv_env_F77_value=
ac_cv_env_FCFLAGS_set=
ac_cv_env_FCFLAGS_value=
ac_cv_env_FC_set=
ac_cv_env_FC_value=
ac_cv_env_FFLAGS_set=
ac_cv_env_FFLAGS_value=
ac_cv_env_LDFLAGS_set=
ac_cv_env_LDFLAGS_value=
ac_cv_env_LIBS_set=
ac_cv_env_LIBS_value=
ac_cv_env_LT_SYS_LIBRARY_PATH_set=
ac_cv_env_LT_SYS_LIBRARY_PATH_value=
ac_cv_env_MPFLAG_set=
ac_cv_env_MPFLAG_value=
ac_cv_env_MPICC_set=
ac_cv_env_MPICC_value=
ac_cv_env_MPIF77_set=
ac_cv_env_MPIF77_value=
ac_cv_env_MPIRUN_set=
ac_cv_env_MPIRUN_value=
ac_cv_env_OMPFLAG_set=
ac_cv_env_OMPFLAG_value=
ac_cv_env_TARGET_set=
ac_cv_env_TARGET_value=
ac_cv_env_build_alias_set=
ac_cv_env_build_alias_value=
ac_cv_env_host_alias_set=
ac_cv_env_host_alias_value=
ac_cv_env_target_alias_set=
ac_cv_env_target_alias_value=
ac_cv_header_complex_h=yes
ac_cv_header_dlfcn_h=yes
ac_cv_header_inttypes_h=yes
ac_cv_header_malloc_h=yes
ac_cv_header_memory_h=yes
ac_cv_header_quadmath_h=yes
ac_cv_header_stdc=yes
ac_cv_header_stdint_h=yes
ac_cv_header_stdlib_h=yes
ac_cv_header_string_h=yes
ac_cv_header_strings_h=yes
ac_cv_header_sys_stat_h=yes
ac_cv_header_sys_time_h=yes
ac_cv_header_sys_types_h=yes
ac_cv_header_unistd_h=yes
ac_cv_host=x86_64-unknown-linux-gnu
ac_cv_objext=o
ac_cv_path_EGREP='/usr/bin/grep -E'
ac_cv_path_FGREP='/usr/bin/grep -F'
ac_cv_path_GREP=/usr/bin/grep
ac_cv_path_SED=/usr/bin/sed
ac_cv_path_install='/usr/bin/install -c'
ac_cv_path_lt_DD=/usr/bin/dd
ac_cv_path_mkdir=/usr/bin/mkdir
ac_cv_prog_AWK=gawk
ac_cv_prog_CPP='cc -E'
ac_cv_prog_ac_ct_AR=ar
ac_cv_prog_ac_ct_CC=cc
ac_cv_prog_ac_ct_OBJDUMP=objdump
ac_cv_prog_ac_ct_RANLIB=ranlib
ac_cv_prog_ac_ct_STRIP=strip
ac_cv_prog_c_v=-v
ac_cv_prog_cc_c89=
ac_cv_prog_cc_g=yes
ac_cv_prog_make_make_set=yes
ac_cv_sizeof___float128=16
ac_cv_sizeof_double=8
ac_cv_sizeof_float=4
ac_cv_sizeof_int=4
ac_cv_sizeof_long=8
ac_cv_sizeof_long_double=16
ac_cv_sizeof_long_long=8
ac_cv_sizeof_size_t=8
ac_cv_sizeof_void_p=8
ac_cv_target=x86_64-unknown-linux-gnu
ac_cv_type_size_t=yes
am_cv_CC_dependencies_compiler_type=none
ax_cv_c_compiler_vendor=gnu
lt_cv_ar_at_file=@
lt_cv_deplibs_check_method=pass_all
lt_cv_file_magic_cmd='$MAGIC_CMD'
lt_cv_file_magic_test_file=
lt_cv_ld_reload_flag=-r
lt_cv_nm_interface='BSD nm'
lt_cv_objdir=.libs
lt_cv_path_LD=/usr/bin/ld
lt_cv_path_NM='/usr/bin/nm -B'
lt_cv_path_mainfest_tool=no
lt_cv_prog_compiler_c_o=yes
lt_cv_prog_compiler_pic='-fPIC -DPIC'
lt_cv_prog_compiler_pic_works=yes
lt_cv_prog_compiler_rtti_exceptions=no
lt_cv_prog_compiler_static_works=no
lt_cv_prog_gnu_ld=yes
lt_cv_sharedlib_from_linklib_cmd='printf %s\n'
lt_cv_shlibpath_overrides_runpath=no
lt_cv_sys_global_symbol_pipe='sed -n -e '\''s/^.*[	 ]\([ABCDGIRSTW][ABCDGIRSTW]*\)[	 ][	 ]*\([_A-Za-z][_A-Za-z0-9]*\)$/\1 \2 \2/p'\'' | sed '\''/ __gnu_lto/d'\'''
lt_cv_sys_global_symbol_to_c_name_address='sed -n -e '\''s/^: \(.*\) .*$/  {"\1", (void *) 0},/p'\'' -e '\''s/^[ABCDGIRSTW][ABCDGIRSTW]* .* \(.*\)$/  {"\1", (void *) \&\1},/p'\'''
lt_cv_sys_global_symbol_to_c_name_address_lib_prefix='sed -n -e '\''s/^: \(.*\) .*$/  {"\1", (void *) 0},/p'\'' -e '\''s/^[ABCDGIRSTW][ABCDGIRSTW]* .* \(lib.*\)$/  {"\1", (void *) \&\1},/p'\'' -e '\''s/^[ABCDGIRSTW][ABCDGIRSTW]* .* \(.*\)$/  {"lib\1", (void *) \&\1},/p'\'''
lt_cv_sys_global_symbol_to_cdecl='sed -n -e '\''s/^T .* \(.*\)$/extern int \1();/p'\'' -e '\''s/^[ABCDGIRSTW][ABCDGIRSTW]* .* \(.*\)$/extern char \1;/p'\'''
lt_cv_sys_global_symbol_to_import=
lt_cv_sys_max_cmd_len=1572864
lt_cv_to_host_file_cmd=func_convert_file_noop
lt_cv_to_tool_file_cmd=func_convert_file_noop
lt_cv_truncate_bin='/usr/bin/dd bs=4096 count=1'

## ----------------- ##
## Output variables. ##
## ----------------- ##

ACLOCAL='${SHELL} /students/rm_20_21/vallisa/FORMICA/lis-2.0.30/config/missing --run aclocal-1.11'
AMDEFS=''
AMDEPBACKSLASH=''
AMDEP_FALSE=''
AMDEP_TRUE='#'
AMTAR='$${TAR-tar}'
AR='ar'
AUTOCONF='${SHELL} /students/rm_20_21/vallisa/FORMICA/lis-2.0.30/config/missing --run autoconf'
AUTOHEADER='${SHELL} /students/rm_20_21/vallisa/FORMICA/lis-2.0.30/config/missing --run autoheader'
AUTOMAKE='${SHELL} /students/rm_20_21/vallisa/FORMICA/lis-2.0.30/config/missing --run automake-1.11'
AWK='gawk'
CC='cc'
CCDEPMODE='depmode=none'
CFLAGS='-O3 -fomit-frame-pointer '
CLIBS=' -L/usr/lib/gcc/x86_64-redhat-linux/9 -L/usr/lib/gcc/x86_64-redhat-linux/9/../../../../lib64 -L/lib/../lib64 -L/usr/lib/../lib64 -L/usr/lib/gcc/x86_64-redhat-linux/9/../../.. -lgcc_s'
CPP='cc -E'
CPPFLAGS=''
CYGPATH_W='echo'
DEFS='-DHAVE_CONFIG_H'
DEPDIR='.deps'
DISABLE_TEST_FALSE=''
DISABLE_TEST_TRUE='#'
DLLTOOL='false'
DSYMUTIL=''
DUMPBIN=''
ECHO_C=''
ECHO_N='-n'
ECHO_T=''
EGREP='/usr/bin/grep -E'
ENABLE_F90_FALSE=''
ENABLE_F90_TRUE='#'
ENABLE_FORTRAN_FALSE=''
ENABLE_FORTRAN_TRUE='#'
ENABLE_MPI_FALSE=''
ENABLE_MPI_TRUE='#'
ENABLE_OMP_FALSE=''
ENABLE_OMP_TRUE='#'
ENABLE_QUAD_FALSE=''
ENABLE_QUAD_TRUE='#'
ENABLE_SAAMG_FALSE=''
ENABLE_SAAMG_TRUE='#'
ENABLE_SSE2_FALSE='#'
ENABLE_SSE2_TRUE=''
EXEEXT=''
F77=''
FC=''
FCFLAGS=''
FCLDFLAGS=''
FFLAGS=''
FGREP='/usr/bin/grep -F'
FLIBS=''
GREP='/usr/bin/grep'
INSTALL_DATA='${INSTALL} -m 644'
INSTALL_PROGRAM='${INSTALL}'
INSTALL_SCRIPT='${INSTALL}'
INSTALL_STRIP_PROGRAM='$(install_sh) -c -s'
LD='/usr/bin/ld -m elf_x86_64'
LDFLAGS=''
LIBOBJS=''
LIBS='-lm '
LIBSUFFIX=''
LIBTOOL='$(SHELL) $(top_builddir)/libtool'
LIPO=''
LN_S='ln -s'
LTLIBOBJS=''
LT_SYS_LIBRARY_PATH=''
MAINT='#'
MAINTAINER_MODE_FALSE=''
MAINTAINER_MODE_TRUE='#'
MAKEINFO='${SHELL} /students/rm_20_21/vallisa/FORMICA/lis-2.0.30/config/missing --run makeinfo'
MANIFEST_TOOL=':'
MKDIR_P='/usr/bin/mkdir -p'
MPFLAG=''
MPICC=''
MPIF77=''
MPIFC=''
MPINP=''
MPIRUN=''
NM='/usr/bin/nm -B'
NMEDIT=''
OBJDUMP='objdump'
OBJEXT='o'
OMPFLAG=''
OTOOL64=''
OTOOL=''
PACKAGE='lis'
PACKAGE_BUGREPORT='devel@ssisc.org'
PACKAGE_NAME='lis'
PACKAGE_STRING='lis 2.0.30'
PACKAGE_TARNAME='lis'
PACKAGE_URL=''
PACKAGE_VERSION='2.0.30'
PATH_SEPARATOR=':'
RANLIB='ranlib'
SED='/usr/bin/sed'
SET_MAKE=''
SHELL='/bin/sh'
SIZEOF_VOID_P='8'
STRIP='strip'
TARGET=''
VERSION='2.0.30'
ac_ct_AR='ar'
ac_ct_CC='cc'
ac_ct_DUMPBIN=''
ac_ct_F77=''
ac_ct_FC=''
am__EXEEXT_FALSE=''
am__EXEEXT_TRUE='#'
am__fastdepCC_FALSE=''
am__fastdepCC_TRUE='#'
am__include='include'
am__isrc=''
am__leading_dot='.'
am__nodep=''
am__quote=''
am__tar='$${TAR-tar} chof - "$$tardir"'
am__untar='$${TAR-tar} xf -'
bindir='${exec_prefix}/bin'
build='x86_64-unknown-linux-gnu'
build_alias=''
build_cpu='x86_64'
build_os='linux-gnu'
build_vendor='unknown'
datadir='${datarootdir}'
datarootdir='${prefix}/share'
docdir='${datarootdir}/doc/${PACKAGE_TARNAME}'
dvidir='${docdir}'
enable_complex='no'
enable_f90='no'
enable_fortran='no'
enable_longdouble='no'
enable_mpi='no'
enable_omp='no'
enable_quad='no'
enable_saamg='no'
exec_prefix='${prefix}'
host='x86_64-unknown-linux-gnu'
host_alias=''
host_cpu='x86_64'
host_os='linux-gnu'
host_vendor='unknown'
htmldir='${docdir}'
includedir='${prefix}/include'
infodir='${datarootdir}/info'
install_sh='${SHELL} /students/rm_20_21/vallisa/FORMICA/lis-2.0.30/config/install-sh'
libdir='${exec_prefix}/lib'
libexecdir='${exec_prefix}/libexec'
localedir='${datarootdir}/locale'
localstatedir='${prefix}/var'
mandir='${datarootdir}/man'
mkdir_p='/usr/bin/mkdir -p'
oldincludedir='/usr/include'
pdfdir='${docdir}'
prefix='/students/rm_20_21/vallisa'
program_transform_name='s,x,x,'
psdir='${docdir}'
sbindir='${exec_prefix}/sbin'
sharedstatedir='${prefix}/com'
sysconfdir='${prefix}/etc'
target='x86_64-unknown-linux-gnu'
target_alias=''
target_cpu='x86_64'
target_os='linux-gnu'
target_vendor='unknown'

## ----------- ##
## confdefs.h. ##
## ----------- ##

/* confdefs.h */
#define PACKAGE_NAME "lis"
#define PACKAGE_TARNAME "lis"
#define PACKAGE_VERSION "2.0.30"
#define PACKAGE_STRING "lis 2.0.30"
#define PACKAGE_BUGREPORT "devel@ssisc.org"
#define PACKAGE_URL ""
#define PACKAGE "lis"
#define VERSION "2.0.30"
#define HAS_X87_FPU 1
#define STDC_HEADERS 1
#define HAVE_SYS_TYPES_H 1
#define HAVE_SYS_STAT_H 1
#define HAVE_STDLIB_H 1
#define HAVE_STRING_H 1
#define HAVE_MEMORY_H 1
#define HAVE_STRINGS_H 1
#define HAVE_INTTYPES_H 1
#define HAVE_STDINT_H 1
#define HAVE_UNISTD_H 1
#define HAVE_COMPLEX_H 1
#define HAVE_QUADMATH_H 1
#define SIZEOF_INT 4
#define SIZEOF_LONG 8
#define SIZEOF_LONG_LONG 8
#define SIZEOF_FLOAT 4
#define SIZEOF_DOUBLE 8
#define SIZEOF_LONG_DOUBLE 16
#define SIZEOF___FLOAT128 16
#define SIZEOF_SIZE_T 8
#define SIZEOF_VOID_P 8
#define HAVE_DLFCN_H 1
#define LT_OBJDIR ".libs/"
#define STDC_HEADERS 1
#define HAVE_MALLOC_H 1
#define HAVE_STDLIB_H 1
#define HAVE_STRING_H 1
#define HAVE_SYS_TIME_H 1

configure: exit 0
